Existing: 0 papers

==================================================
Category: General (3 queries)
  Query (59 found, 50 fetched): "plant virus"[Title/Abstract] OR "plant viroid"[Title/Abstract] OR "phytovirus"[...
  Query (0 found, 0 fetched): "plant RNA virus"[Title/Abstract] OR "plant DNA virus"[Title/Abstract]...
  Query (7 found, 7 fetched): "viroid"[Title/Abstract]...
  New PMIDs: 57
    Fetched 57 details

==================================================
Category: Gemini_Begomo (4 queries)
  Query (26 found, 26 fetched): "Geminiviridae"[Title/Abstract] OR "begomovirus"[Title/Abstract] OR "mastrevirus...
  Query (11 found, 11 fetched): "tomato yellow leaf curl virus"[Title/Abstract] OR "Begomovirus coheni"[Title/Ab...
  Query (4 found, 4 fetched): "cassava mosaic virus"[Title/Abstract] OR "maize streak virus"[Title/Abstract] O...
  Query (5 found, 5 fetched): "cotton leaf curl virus"[Title/Abstract] OR "chilli leaf curl virus"[Title/Abstr...
  New PMIDs: 40
    Fetched 40 details

==================================================
Category: Potyviridae (4 queries)
  Query (23 found, 23 fetched): "Potyviridae"[Title/Abstract] OR "potyvirus"[Title/Abstract] OR "ipomovirus"[Tit...
  Query (13 found, 13 fetched): "potato virus Y"[Title/Abstract] OR "Potyvirus yituberosi"[Title/Abstract] OR "p...
  Query (10 found, 10 fetched): "turnip mosaic virus"[Title/Abstract] OR "Potyvirus rapae"[Title/Abstract] OR "l...
  Query (3 found, 3 fetched): "papaya ringspot virus"[Title/Abstract] OR "Potyvirus papayanuli"[Title/Abstract...
  New PMIDs: 39
    Fetched 39 details

==================================================
Category: Tobamo_Virga (3 queries)
  Query (11 found, 11 fetched): "Virgaviridae"[Title/Abstract] OR "tobamovirus"[Title/Abstract] OR "furovirus"[T...
  Query (16 found, 16 fetched): "tobacco mosaic virus"[Title/Abstract] OR "Tobamovirus tabaci"[Title/Abstract] O...
  Query (1 found, 1 fetched): "pepino mosaic virus"[Title/Abstract] OR "Potexvirus pepini"[Title/Abstract]...
  New PMIDs: 27
    Fetched 27 details

==================================================
Category: Tospo_Bunya (3 queries)
  Query (9 found, 9 fetched): "Tospoviridae"[Title/Abstract] OR "tospovirus"[Title/Abstract] OR "Orthotospovir...
  Query (3 found, 3 fetched): "tomato spotted wilt virus"[Title/Abstract] OR "Orthotospovirus tomatomaculae"[T...
  Query (3 found, 3 fetched): "groundnut bud necrosis virus"[Title/Abstract]...
  New PMIDs: 10
    Fetched 10 details

==================================================
Category: Luteo_Solemo (2 queries)
  Query (9 found, 9 fetched): "Luteoviridae"[Title/Abstract] OR "Solemoviridae"[Title/Abstract] OR "luteovirus...
  Query (0 found, 0 fetched): "barley yellow dwarf virus"[Title/Abstract] OR "Luteovirus hordei"[Title/Abstrac...
  New PMIDs: 9
    Fetched 9 details

==================================================
Category: Clostero_Beta (2 queries)
  Query (5 found, 5 fetched): "Closteroviridae"[Title/Abstract] OR "Betaflexiviridae"[Title/Abstract] OR "clos...
  Query (4 found, 4 fetched): "citrus tristeza virus"[Title/Abstract] OR "Closterovirus tristezae"[Title/Abstr...
  New PMIDs: 9
    Fetched 9 details

==================================================
Category: Seco_Bromo_Tombus (4 queries)
  Query (5 found, 5 fetched): "Secoviridae"[Title/Abstract] OR "Bromoviridae"[Title/Abstract] OR "Tombusvirida...
  Query (5 found, 5 fetched): "nepovirus"[Title/Abstract] OR "comovirus"[Title/Abstract] OR "fabavirus"[Title/...
  Query (13 found, 13 fetched): "grapevine fanleaf virus"[Title/Abstract] OR "Nepovirus vitis"[Title/Abstract] O...
  Query (3 found, 3 fetched): "cowpea mosaic virus"[Title/Abstract] OR "Comovirus vignae"[Title/Abstract]...
  New PMIDs: 22
    Fetched 22 details

==================================================
Category: Rhabdo_Reo_Fiji_Tenu (3 queries)
  Query (10 found, 10 fetched): "Rhabdoviridae"[Title/Abstract] OR "Reoviridae"[Title/Abstract]...
  Query (3 found, 3 fetched): "cytorhabdovirus"[Title/Abstract] OR "nucleorhabdovirus"[Title/Abstract] OR "fij...
  Query (5 found, 5 fetched): "rice stripe virus"[Title/Abstract] OR "Tenuivirus oryzae"[Title/Abstract] OR "r...
  New PMIDs: 15
    Fetched 15 details

==================================================
Category: Nanoviridae (2 queries)
  Query (2 found, 2 fetched): "Nanoviridae"[Title/Abstract] OR "babuvirus"[Title/Abstract]...
  Query (3 found, 3 fetched): "banana bunchy top virus"[Title/Abstract] OR "Babuvirus musae"[Title/Abstract]...
  New PMIDs: 4
    Fetched 4 details

==================================================
Category: Caulimo_Badna_Tungro (2 queries)
  Query (2 found, 2 fetched): "Caulimoviridae"[Title/Abstract] OR "caulimovirus"[Title/Abstract] OR "badnaviru...
  Query (1 found, 1 fetched): "rice tungro bacilliform virus"[Title/Abstract] OR "rice tungro spherical virus"...
  New PMIDs: 3
    Fetched 3 details

==================================================
Category: Endorna_Parti_Amalga (1 queries)
  Query (7 found, 7 fetched): "Endornaviridae"[Title/Abstract] OR "Partitiviridae"[Title/Abstract] OR "Amalgav...
  New PMIDs: 7
    Fetched 7 details

==================================================
Category: Viroid (4 queries)
  Query (1 found, 1 fetched): "Pospiviroidae"[Title/Abstract] OR "Avsunviroidae"[Title/Abstract]...
  Query (0 found, 0 fetched): "potato spindle tuber viroid"[Title/Abstract] OR "Pospiviroid fusituberis"[Title...
  Query (4 found, 4 fetched): "citrus exocortis viroid"[Title/Abstract] OR "chrysanthemum stunt viroid"[Title/...
  Query (1 found, 1 fetched): "hop stunt viroid"[Title/Abstract] OR "Hostuviroid impedihumuli"[Title/Abstract]...
  New PMIDs: 5
    Fetched 5 details

==================================================
Category: Methods_Resistance (2 queries)
  Query (1 found, 1 fetched): "plant virus resistance"[Title/Abstract] OR "plant virus detection"[Title/Abstra...
  Query (0 found, 0 fetched): "plant virus CRISPR"[Title/Abstract] OR "plant virus RNAi"[Title/Abstract] OR "p...
  New PMIDs: 1
    Fetched 1 details

==================================================
Category: Methods_Omics (2 queries)
  Query (0 found, 0 fetched): "plant virus genome"[Title/Abstract] OR "plant virus evolution"[Title/Abstract] ...
  Query (0 found, 0 fetched): "plant virus metagenomics"[Title/Abstract] OR "plant virus proteomics"[Title/Abs...
  New PMIDs: 0

==================================================
Category: Transmission_Epi (1 queries)
  Query (5 found, 5 fetched): "plant virus transmission"[Title/Abstract] OR "plant virus vector"[Title/Abstrac...
  New PMIDs: 5
    Fetched 5 details

==================================================
Category: New_Virus (6 queries)
  Query (5 found, 5 fetched): ("novel virus"[Title/Abstract] OR "new virus"[Title/Abstract] OR "virus discover...
  Query (3 found, 3 fetched): ("first report"[Title] OR "recently identified"[Title/Abstract] OR "newly identi...
  Query (145 found, 50 fetched): ("uncharacterized virus"[Title/Abstract] OR "unclassified virus"[Title/Abstract]...
  Query (14 found, 14 fetched): ("viral metagenomics"[Title/Abstract] OR "virome"[Title/Abstract] OR "high-throu...
  Query (0 found, 0 fetched): ("novel Geminiviridae"[Title/Abstract] OR "new begomovirus"[Title/Abstract] OR "...
  Query (1 found, 1 fetched): ("complete genome"[Title] AND "novel"[Title]) AND (plant virus[Title/Abstract] O...
  New PMIDs: 70
    Fetched 70 details

==================================================
Saved: 259 papers total (259 new)
Categories: General, Gemini_Begomo, Potyviridae, Tobamo_Virga, Tospo_Bunya, Luteo_Solemo, Clostero_Beta, Seco_Bromo_Tombus, Rhabdo_Reo_Fiji_Tenu, Nanoviridae, Caulimo_Badna_Tungro, Endorna_Parti_Amalga, Viroid, Methods_Resistance, Methods_Omics, Transmission_Epi, New_Virus
Updated: 2026-07-09 15:19:20
Existing: 0 papers

==================================================
Category: General (3 queries)
  Query (18 found, 18 fetched): "plant virus"[Title/Abstract] OR "plant viroid"[Title/Abstract] OR "phytovirus"[...
  Query (0 found, 0 fetched): "plant RNA virus"[Title/Abstract] OR "plant DNA virus"[Title/Abstract]...
  Query (4 found, 4 fetched): "viroid"[Title/Abstract]...
  New PMIDs: 22
    Fetched 22 details

==================================================
Category: Gemini_Begomo (4 queries)
  Query (3 found, 3 fetched): "Geminiviridae"[Title/Abstract] OR "begomovirus"[Title/Abstract] OR "mastrevirus...
  Query (3 found, 3 fetched): "tomato yellow leaf curl virus"[Title/Abstract] OR "Begomovirus coheni"[Title/Ab...
  Query (2 found, 2 fetched): "cassava mosaic virus"[Title/Abstract] OR "maize streak virus"[Title/Abstract] O...
  Query (2 found, 2 fetched): "cotton leaf curl virus"[Title/Abstract] OR "chilli leaf curl virus"[Title/Abstr...
  New PMIDs: 8
    Fetched 8 details

==================================================
Category: Potyviridae (4 queries)
  Query (10 found, 10 fetched): "Potyviridae"[Title/Abstract] OR "potyvirus"[Title/Abstract] OR "ipomovirus"[Tit...
  Query (6 found, 6 fetched): "potato virus Y"[Title/Abstract] OR "Potyvirus yituberosi"[Title/Abstract] OR "p...
  Query (1 found, 1 fetched): "turnip mosaic virus"[Title/Abstract] OR "Potyvirus rapae"[Title/Abstract] OR "l...
  Query (2 found, 2 fetched): "papaya ringspot virus"[Title/Abstract] OR "Potyvirus papayanuli"[Title/Abstract...
  New PMIDs: 18
    Fetched 18 details

==================================================
Category: Tobamo_Virga (3 queries)
  Query (5 found, 5 fetched): "Virgaviridae"[Title/Abstract] OR "tobamovirus"[Title/Abstract] OR "furovirus"[T...
  Query (9 found, 9 fetched): "tobacco mosaic virus"[Title/Abstract] OR "Tobamovirus tabaci"[Title/Abstract] O...
  Query (1 found, 1 fetched): "pepino mosaic virus"[Title/Abstract] OR "Potexvirus pepini"[Title/Abstract]...
  New PMIDs: 15
    Fetched 15 details

==================================================
Category: Tospo_Bunya (3 queries)
  Query (4 found, 4 fetched): "Tospoviridae"[Title/Abstract] OR "tospovirus"[Title/Abstract] OR "Orthotospovir...
  Query (2 found, 2 fetched): "tomato spotted wilt virus"[Title/Abstract] OR "Orthotospovirus tomatomaculae"[T...
  Query (0 found, 0 fetched): "groundnut bud necrosis virus"[Title/Abstract]...
  New PMIDs: 6
    Fetched 6 details

==================================================
Category: Luteo_Solemo (2 queries)
  Query (3 found, 3 fetched): "Luteoviridae"[Title/Abstract] OR "Solemoviridae"[Title/Abstract] OR "luteovirus...
  Query (1 found, 1 fetched): "barley yellow dwarf virus"[Title/Abstract] OR "Luteovirus hordei"[Title/Abstrac...
  New PMIDs: 4
    Fetched 4 details

==================================================
Category: Clostero_Beta (2 queries)
  Query (1 found, 1 fetched): "Closteroviridae"[Title/Abstract] OR "Betaflexiviridae"[Title/Abstract] OR "clos...
  Query (1 found, 1 fetched): "citrus tristeza virus"[Title/Abstract] OR "Closterovirus tristezae"[Title/Abstr...
  New PMIDs: 2
    Fetched 2 details

==================================================
Category: Seco_Bromo_Tombus (4 queries)
  Query (1 found, 1 fetched): "Secoviridae"[Title/Abstract] OR "Bromoviridae"[Title/Abstract] OR "Tombusvirida...
  Query (3 found, 3 fetched): "nepovirus"[Title/Abstract] OR "comovirus"[Title/Abstract] OR "fabavirus"[Title/...
  Query (9 found, 9 fetched): "grapevine fanleaf virus"[Title/Abstract] OR "Nepovirus vitis"[Title/Abstract] O...
  Query (4 found, 4 fetched): "cowpea mosaic virus"[Title/Abstract] OR "Comovirus vignae"[Title/Abstract]...
  New PMIDs: 16
    Fetched 16 details

==================================================
Category: Rhabdo_Reo_Fiji_Tenu (3 queries)
  Query (4 found, 4 fetched): "Rhabdoviridae"[Title/Abstract] OR "Reoviridae"[Title/Abstract]...
  Query (4 found, 4 fetched): "cytorhabdovirus"[Title/Abstract] OR "nucleorhabdovirus"[Title/Abstract] OR "fij...
  Query (8 found, 8 fetched): "rice stripe virus"[Title/Abstract] OR "Tenuivirus oryzae"[Title/Abstract] OR "r...
  New PMIDs: 13
    Fetched 13 details

==================================================
Category: Nanoviridae (2 queries)
  Query (1 found, 1 fetched): "Nanoviridae"[Title/Abstract] OR "babuvirus"[Title/Abstract]...
  Query (1 found, 1 fetched): "banana bunchy top virus"[Title/Abstract] OR "Babuvirus musae"[Title/Abstract]...
  New PMIDs: 2
    Fetched 2 details

==================================================
Category: Caulimo_Badna_Tungro (2 queries)
  Query (2 found, 2 fetched): "Caulimoviridae"[Title/Abstract] OR "caulimovirus"[Title/Abstract] OR "badnaviru...
  Query (1 found, 1 fetched): "rice tungro bacilliform virus"[Title/Abstract] OR "rice tungro spherical virus"...
  New PMIDs: 2
    Fetched 2 details

==================================================
Category: Endorna_Parti_Amalga (1 queries)
  Query (7 found, 7 fetched): "Endornaviridae"[Title/Abstract] OR "Partitiviridae"[Title/Abstract] OR "Amalgav...
  New PMIDs: 7
    Fetched 7 details

==================================================
Category: Viroid (4 queries)
  Query (1 found, 1 fetched): "Pospiviroidae"[Title/Abstract] OR "Avsunviroidae"[Title/Abstract]...
  Query (1 found, 1 fetched): "potato spindle tuber viroid"[Title/Abstract] OR "Pospiviroid fusituberis"[Title...
  Query (1 found, 1 fetched): "citrus exocortis viroid"[Title/Abstract] OR "chrysanthemum stunt viroid"[Title/...
  Query (0 found, 0 fetched): "hop stunt viroid"[Title/Abstract] OR "Hostuviroid impedihumuli"[Title/Abstract]...
  New PMIDs: 2
    Fetched 2 details

==================================================
Category: Methods_Resistance (2 queries)
  Query (1 found, 1 fetched): "plant virus resistance"[Title/Abstract] OR "plant virus detection"[Title/Abstra...
  Query (0 found, 0 fetched): "plant virus CRISPR"[Title/Abstract] OR "plant virus RNAi"[Title/Abstract] OR "p...
  New PMIDs: 1
    Fetched 1 details

==================================================
Category: Methods_Omics (2 queries)
  Query (0 found, 0 fetched): "plant virus genome"[Title/Abstract] OR "plant virus evolution"[Title/Abstract] ...
  Query (0 found, 0 fetched): "plant virus metagenomics"[Title/Abstract] OR "plant virus proteomics"[Title/Abs...
  New PMIDs: 0

==================================================
Category: Transmission_Epi (1 queries)
  Query (2 found, 2 fetched): "plant virus transmission"[Title/Abstract] OR "plant virus vector"[Title/Abstrac...
  New PMIDs: 2
    Fetched 2 details

==================================================
Category: New_Virus (6 queries)
  Query (1 found, 1 fetched): ("novel virus"[Title/Abstract] OR "new virus"[Title/Abstract] OR "virus discover...
  Query (1 found, 1 fetched): ("first report"[Title] OR "recently identified"[Title/Abstract] OR "newly identi...
  Query (39 found, 39 fetched): ("uncharacterized virus"[Title/Abstract] OR "unclassified virus"[Title/Abstract]...
  Query (3 found, 3 fetched): ("viral metagenomics"[Title/Abstract] OR "virome"[Title/Abstract] OR "high-throu...
  Query (0 found, 0 fetched): ("novel Geminiviridae"[Title/Abstract] OR "new begomovirus"[Title/Abstract] OR "...
  Query (0 found, 0 fetched): ("complete genome"[Title] AND "novel"[Title]) AND (plant virus[Title/Abstract] O...
  New PMIDs: 44
    Fetched 44 details

==================================================
Saved: 134 papers total (134 new)
Categories: General, Gemini_Begomo, Potyviridae, Tobamo_Virga, Tospo_Bunya, Luteo_Solemo, Clostero_Beta, Seco_Bromo_Tombus, Rhabdo_Reo_Fiji_Tenu, Nanoviridae, Caulimo_Badna_Tungro, Endorna_Parti_Amalga, Viroid, Methods_Resistance, Methods_Omics, Transmission_Epi, New_Virus
Updated: 2026-07-09 15:20:42
Existing: 0 papers

==================================================
Category: General (3 queries)
  Query (24 found, 24 fetched): "plant virus"[Title/Abstract] OR "plant viroid"[Title/Abstract] OR "phytovirus"[...
  Query (1 found, 1 fetched): "plant RNA virus"[Title/Abstract] OR "plant DNA virus"[Title/Abstract]...
  Query (6 found, 6 fetched): "viroid"[Title/Abstract]...
  New PMIDs: 31
    Fetched 31 details

==================================================
Category: Gemini_Begomo (4 queries)
  Query (6 found, 6 fetched): "Geminiviridae"[Title/Abstract] OR "begomovirus"[Title/Abstract] OR "mastrevirus...
  Query (0 found, 0 fetched): "tomato yellow leaf curl virus"[Title/Abstract] OR "Begomovirus coheni"[Title/Ab...
  Query (1 found, 1 fetched): "cassava mosaic virus"[Title/Abstract] OR "maize streak virus"[Title/Abstract] O...
  Query (0 found, 0 fetched): "cotton leaf curl virus"[Title/Abstract] OR "chilli leaf curl virus"[Title/Abstr...
  New PMIDs: 7
    Fetched 7 details

==================================================
Category: Potyviridae (4 queries)
  Query (4 found, 4 fetched): "Potyviridae"[Title/Abstract] OR "potyvirus"[Title/Abstract] OR "ipomovirus"[Tit...
  Query (6 found, 6 fetched): "potato virus Y"[Title/Abstract] OR "Potyvirus yituberosi"[Title/Abstract] OR "p...
  Query (2 found, 2 fetched): "turnip mosaic virus"[Title/Abstract] OR "Potyvirus rapae"[Title/Abstract] OR "l...
  Query (1 found, 1 fetched): "papaya ringspot virus"[Title/Abstract] OR "Potyvirus papayanuli"[Title/Abstract...
  New PMIDs: 10
    Fetched 10 details

==================================================
Category: Tobamo_Virga (3 queries)
  Query (2 found, 2 fetched): "Virgaviridae"[Title/Abstract] OR "tobamovirus"[Title/Abstract] OR "furovirus"[T...
  Query (13 found, 13 fetched): "tobacco mosaic virus"[Title/Abstract] OR "Tobamovirus tabaci"[Title/Abstract] O...
  Query (0 found, 0 fetched): "pepino mosaic virus"[Title/Abstract] OR "Potexvirus pepini"[Title/Abstract]...
  New PMIDs: 14
    Fetched 14 details

==================================================
Category: Tospo_Bunya (3 queries)
  Query (3 found, 3 fetched): "Tospoviridae"[Title/Abstract] OR "tospovirus"[Title/Abstract] OR "Orthotospovir...
  Query (1 found, 1 fetched): "tomato spotted wilt virus"[Title/Abstract] OR "Orthotospovirus tomatomaculae"[T...
  Query (0 found, 0 fetched): "groundnut bud necrosis virus"[Title/Abstract]...
  New PMIDs: 4
    Fetched 4 details

==================================================
Category: Luteo_Solemo (2 queries)
  Query (5 found, 5 fetched): "Luteoviridae"[Title/Abstract] OR "Solemoviridae"[Title/Abstract] OR "luteovirus...
  Query (3 found, 3 fetched): "barley yellow dwarf virus"[Title/Abstract] OR "Luteovirus hordei"[Title/Abstrac...
  New PMIDs: 7
    Fetched 7 details

==================================================
Category: Clostero_Beta (2 queries)
  Query (0 found, 0 fetched): "Closteroviridae"[Title/Abstract] OR "Betaflexiviridae"[Title/Abstract] OR "clos...
  Query (0 found, 0 fetched): "citrus tristeza virus"[Title/Abstract] OR "Closterovirus tristezae"[Title/Abstr...
  New PMIDs: 0

==================================================
Category: Seco_Bromo_Tombus (4 queries)
  Query (2 found, 2 fetched): "Secoviridae"[Title/Abstract] OR "Bromoviridae"[Title/Abstract] OR "Tombusvirida...
  Query (2 found, 2 fetched): "nepovirus"[Title/Abstract] OR "comovirus"[Title/Abstract] OR "fabavirus"[Title/...
  Query (8 found, 8 fetched): "grapevine fanleaf virus"[Title/Abstract] OR "Nepovirus vitis"[Title/Abstract] O...
  Query (1 found, 1 fetched): "cowpea mosaic virus"[Title/Abstract] OR "Comovirus vignae"[Title/Abstract]...
  New PMIDs: 12
    Fetched 12 details

==================================================
Category: Rhabdo_Reo_Fiji_Tenu (3 queries)
  Query (5 found, 5 fetched): "Rhabdoviridae"[Title/Abstract] OR "Reoviridae"[Title/Abstract]...
  Query (1 found, 1 fetched): "cytorhabdovirus"[Title/Abstract] OR "nucleorhabdovirus"[Title/Abstract] OR "fij...
  Query (7 found, 7 fetched): "rice stripe virus"[Title/Abstract] OR "Tenuivirus oryzae"[Title/Abstract] OR "r...
  New PMIDs: 12
    Fetched 12 details

==================================================
Category: Nanoviridae (2 queries)
  Query (0 found, 0 fetched): "Nanoviridae"[Title/Abstract] OR "babuvirus"[Title/Abstract]...
  Query (0 found, 0 fetched): "banana bunchy top virus"[Title/Abstract] OR "Babuvirus musae"[Title/Abstract]...
  New PMIDs: 0

==================================================
Category: Caulimo_Badna_Tungro (2 queries)
  Query (1 found, 1 fetched): "Caulimoviridae"[Title/Abstract] OR "caulimovirus"[Title/Abstract] OR "badnaviru...
  Query (0 found, 0 fetched): "rice tungro bacilliform virus"[Title/Abstract] OR "rice tungro spherical virus"...
  New PMIDs: 1
    Fetched 1 details

==================================================
Category: Endorna_Parti_Amalga (1 queries)
  Query (3 found, 3 fetched): "Endornaviridae"[Title/Abstract] OR "Partitiviridae"[Title/Abstract] OR "Amalgav...
  New PMIDs: 3
    Fetched 3 details

==================================================
Category: Viroid (4 queries)
  Query (1 found, 1 fetched): "Pospiviroidae"[Title/Abstract] OR "Avsunviroidae"[Title/Abstract]...
  Query (3 found, 3 fetched): "potato spindle tuber viroid"[Title/Abstract] OR "Pospiviroid fusituberis"[Title...
  Query (0 found, 0 fetched): "citrus exocortis viroid"[Title/Abstract] OR "chrysanthemum stunt viroid"[Title/...
  Query (0 found, 0 fetched): "hop stunt viroid"[Title/Abstract] OR "Hostuviroid impedihumuli"[Title/Abstract]...
  New PMIDs: 3
    Fetched 3 details

==================================================
Category: Methods_Resistance (2 queries)
  Query (0 found, 0 fetched): "plant virus resistance"[Title/Abstract] OR "plant virus detection"[Title/Abstra...
  Query (0 found, 0 fetched): "plant virus CRISPR"[Title/Abstract] OR "plant virus RNAi"[Title/Abstract] OR "p...
  New PMIDs: 0

==================================================
Category: Methods_Omics (2 queries)
  Query (0 found, 0 fetched): "plant virus genome"[Title/Abstract] OR "plant virus evolution"[Title/Abstract] ...
  Query (0 found, 0 fetched): "plant virus metagenomics"[Title/Abstract] OR "plant virus proteomics"[Title/Abs...
  New PMIDs: 0

==================================================
Category: Transmission_Epi (1 queries)
  Query (3 found, 3 fetched): "plant virus transmission"[Title/Abstract] OR "plant virus vector"[Title/Abstrac...
  New PMIDs: 3
    Fetched 3 details

==================================================
Category: New_Virus (6 queries)
  Query (1 found, 1 fetched): ("novel virus"[Title/Abstract] OR "new virus"[Title/Abstract] OR "virus discover...
  Query (0 found, 0 fetched): ("first report"[Title] OR "recently identified"[Title/Abstract] OR "newly identi...
  Query (39 found, 39 fetched): ("uncharacterized virus"[Title/Abstract] OR "unclassified virus"[Title/Abstract]...
  Query (5 found, 5 fetched): ("viral metagenomics"[Title/Abstract] OR "virome"[Title/Abstract] OR "high-throu...
  Query (0 found, 0 fetched): ("novel Geminiviridae"[Title/Abstract] OR "new begomovirus"[Title/Abstract] OR "...
  Query (0 found, 0 fetched): ("complete genome"[Title] AND "novel"[Title]) AND (plant virus[Title/Abstract] O...
  New PMIDs: 44
    Fetched 44 details

==================================================
Saved: 125 papers total (125 new)
Categories: General, Gemini_Begomo, Potyviridae, Tobamo_Virga, Tospo_Bunya, Luteo_Solemo, Clostero_Beta, Seco_Bromo_Tombus, Rhabdo_Reo_Fiji_Tenu, Nanoviridae, Caulimo_Badna_Tungro, Endorna_Parti_Amalga, Viroid, Methods_Resistance, Methods_Omics, Transmission_Epi, New_Virus
Updated: 2026-07-09 15:22:00
Existing: 0 papers

==================================================
Category: General (3 queries)
  Query (22 found, 22 fetched): "plant virus"[Title/Abstract] OR "plant viroid"[Title/Abstract] OR "phytovirus"[...
  Query (0 found, 0 fetched): "plant RNA virus"[Title/Abstract] OR "plant DNA virus"[Title/Abstract]...
  Query (8 found, 8 fetched): "viroid"[Title/Abstract]...
  New PMIDs: 30
    Fetched 30 details

==================================================
Category: Gemini_Begomo (4 queries)
  Query (6 found, 6 fetched): "Geminiviridae"[Title/Abstract] OR "begomovirus"[Title/Abstract] OR "mastrevirus...
  Query (4 found, 4 fetched): "tomato yellow leaf curl virus"[Title/Abstract] OR "Begomovirus coheni"[Title/Ab...
  Query (0 found, 0 fetched): "cassava mosaic virus"[Title/Abstract] OR "maize streak virus"[Title/Abstract] O...
  Query (0 found, 0 fetched): "cotton leaf curl virus"[Title/Abstract] OR "chilli leaf curl virus"[Title/Abstr...
  New PMIDs: 8
    Fetched 8 details

==================================================
Category: Potyviridae (4 queries)
  Query (7 found, 7 fetched): "Potyviridae"[Title/Abstract] OR "potyvirus"[Title/Abstract] OR "ipomovirus"[Tit...
  Query (5 found, 5 fetched): "potato virus Y"[Title/Abstract] OR "Potyvirus yituberosi"[Title/Abstract] OR "p...
  Query (3 found, 3 fetched): "turnip mosaic virus"[Title/Abstract] OR "Potyvirus rapae"[Title/Abstract] OR "l...
  Query (0 found, 0 fetched): "papaya ringspot virus"[Title/Abstract] OR "Potyvirus papayanuli"[Title/Abstract...
  New PMIDs: 13
    Fetched 13 details

==================================================
Category: Tobamo_Virga (3 queries)
  Query (2 found, 2 fetched): "Virgaviridae"[Title/Abstract] OR "tobamovirus"[Title/Abstract] OR "furovirus"[T...
  Query (9 found, 9 fetched): "tobacco mosaic virus"[Title/Abstract] OR "Tobamovirus tabaci"[Title/Abstract] O...
  Query (0 found, 0 fetched): "pepino mosaic virus"[Title/Abstract] OR "Potexvirus pepini"[Title/Abstract]...
  New PMIDs: 11
    Fetched 11 details

==================================================
Category: Tospo_Bunya (3 queries)
  Query (2 found, 2 fetched): "Tospoviridae"[Title/Abstract] OR "tospovirus"[Title/Abstract] OR "Orthotospovir...
  Query (3 found, 3 fetched): "tomato spotted wilt virus"[Title/Abstract] OR "Orthotospovirus tomatomaculae"[T...
  Query (0 found, 0 fetched): "groundnut bud necrosis virus"[Title/Abstract]...
  New PMIDs: 4
    Fetched 4 details

==================================================
Category: Luteo_Solemo (2 queries)
  Query (1 found, 1 fetched): "Luteoviridae"[Title/Abstract] OR "Solemoviridae"[Title/Abstract] OR "luteovirus...
  Query (3 found, 3 fetched): "barley yellow dwarf virus"[Title/Abstract] OR "Luteovirus hordei"[Title/Abstrac...
  New PMIDs: 4
    Fetched 4 details

==================================================
Category: Clostero_Beta (2 queries)
  Query (1 found, 1 fetched): "Closteroviridae"[Title/Abstract] OR "Betaflexiviridae"[Title/Abstract] OR "clos...
  Query (1 found, 1 fetched): "citrus tristeza virus"[Title/Abstract] OR "Closterovirus tristezae"[Title/Abstr...
  New PMIDs: 2
    Fetched 2 details

==================================================
Category: Seco_Bromo_Tombus (4 queries)
  Query (2 found, 2 fetched): "Secoviridae"[Title/Abstract] OR "Bromoviridae"[Title/Abstract] OR "Tombusvirida...
  Query (2 found, 2 fetched): "nepovirus"[Title/Abstract] OR "comovirus"[Title/Abstract] OR "fabavirus"[Title/...
  Query (3 found, 3 fetched): "grapevine fanleaf virus"[Title/Abstract] OR "Nepovirus vitis"[Title/Abstract] O...
  Query (1 found, 1 fetched): "cowpea mosaic virus"[Title/Abstract] OR "Comovirus vignae"[Title/Abstract]...
  New PMIDs: 8
    Fetched 8 details

==================================================
Category: Rhabdo_Reo_Fiji_Tenu (3 queries)
  Query (11 found, 11 fetched): "Rhabdoviridae"[Title/Abstract] OR "Reoviridae"[Title/Abstract]...
  Query (2 found, 2 fetched): "cytorhabdovirus"[Title/Abstract] OR "nucleorhabdovirus"[Title/Abstract] OR "fij...
  Query (2 found, 2 fetched): "rice stripe virus"[Title/Abstract] OR "Tenuivirus oryzae"[Title/Abstract] OR "r...
  New PMIDs: 13
    Fetched 13 details

==================================================
Category: Nanoviridae (2 queries)
  Query (0 found, 0 fetched): "Nanoviridae"[Title/Abstract] OR "babuvirus"[Title/Abstract]...
  Query (0 found, 0 fetched): "banana bunchy top virus"[Title/Abstract] OR "Babuvirus musae"[Title/Abstract]...
  New PMIDs: 0

==================================================
Category: Caulimo_Badna_Tungro (2 queries)
  Query (1 found, 1 fetched): "Caulimoviridae"[Title/Abstract] OR "caulimovirus"[Title/Abstract] OR "badnaviru...
  Query (0 found, 0 fetched): "rice tungro bacilliform virus"[Title/Abstract] OR "rice tungro spherical virus"...
  New PMIDs: 1
    Fetched 1 details

==================================================
Category: Endorna_Parti_Amalga (1 queries)
  Query (2 found, 2 fetched): "Endornaviridae"[Title/Abstract] OR "Partitiviridae"[Title/Abstract] OR "Amalgav...
  New PMIDs: 2
    Fetched 2 details

==================================================
Category: Viroid (4 queries)
  Query (1 found, 1 fetched): "Pospiviroidae"[Title/Abstract] OR "Avsunviroidae"[Title/Abstract]...
  Query (2 found, 2 fetched): "potato spindle tuber viroid"[Title/Abstract] OR "Pospiviroid fusituberis"[Title...
  Query (0 found, 0 fetched): "citrus exocortis viroid"[Title/Abstract] OR "chrysanthemum stunt viroid"[Title/...
  Query (0 found, 0 fetched): "hop stunt viroid"[Title/Abstract] OR "Hostuviroid impedihumuli"[Title/Abstract]...
  New PMIDs: 3
    Fetched 3 details

==================================================
Category: Methods_Resistance (2 queries)
  Query (0 found, 0 fetched): "plant virus resistance"[Title/Abstract] OR "plant virus detection"[Title/Abstra...
  Query (0 found, 0 fetched): "plant virus CRISPR"[Title/Abstract] OR "plant virus RNAi"[Title/Abstract] OR "p...
  New PMIDs: 0

==================================================
Category: Methods_Omics (2 queries)
  Query (0 found, 0 fetched): "plant virus genome"[Title/Abstract] OR "plant virus evolution"[Title/Abstract] ...
  Query (0 found, 0 fetched): "plant virus metagenomics"[Title/Abstract] OR "plant virus proteomics"[Title/Abs...
  New PMIDs: 0

==================================================
Category: Transmission_Epi (1 queries)
  Query (1 found, 1 fetched): "plant virus transmission"[Title/Abstract] OR "plant virus vector"[Title/Abstrac...
  New PMIDs: 1
    Fetched 1 details

==================================================
Category: New_Virus (6 queries)
  Query (1 found, 1 fetched): ("novel virus"[Title/Abstract] OR "new virus"[Title/Abstract] OR "virus discover...
  Query (0 found, 0 fetched): ("first report"[Title] OR "recently identified"[Title/Abstract] OR "newly identi...
  Query (38 found, 38 fetched): ("uncharacterized virus"[Title/Abstract] OR "unclassified virus"[Title/Abstract]...
  Query (3 found, 3 fetched): ("viral metagenomics"[Title/Abstract] OR "virome"[Title/Abstract] OR "high-throu...
  Query (0 found, 0 fetched): ("novel Geminiviridae"[Title/Abstract] OR "new begomovirus"[Title/Abstract] OR "...
  Query (0 found, 0 fetched): ("complete genome"[Title] AND "novel"[Title]) AND (plant virus[Title/Abstract] O...
  New PMIDs: 42
    Fetched 42 details

==================================================
Saved: 119 papers total (119 new)
Categories: General, Gemini_Begomo, Potyviridae, Tobamo_Virga, Tospo_Bunya, Luteo_Solemo, Clostero_Beta, Seco_Bromo_Tombus, Rhabdo_Reo_Fiji_Tenu, Nanoviridae, Caulimo_Badna_Tungro, Endorna_Parti_Amalga, Viroid, Methods_Resistance, Methods_Omics, Transmission_Epi, New_Virus
Updated: 2026-07-09 15:23:21
Existing: 0 papers

==================================================
Category: General (3 queries)
  Query (18 found, 18 fetched): "plant virus"[Title/Abstract] OR "plant viroid"[Title/Abstract] OR "phytovirus"[...
  Query (0 found, 0 fetched): "plant RNA virus"[Title/Abstract] OR "plant DNA virus"[Title/Abstract]...
  Query (4 found, 4 fetched): "viroid"[Title/Abstract]...
  New PMIDs: 22
    Fetched 22 details

==================================================
Category: Gemini_Begomo (4 queries)
  Query (7 found, 7 fetched): "Geminiviridae"[Title/Abstract] OR "begomovirus"[Title/Abstract] OR "mastrevirus...
  Query (3 found, 3 fetched): "tomato yellow leaf curl virus"[Title/Abstract] OR "Begomovirus coheni"[Title/Ab...
  Query (3 found, 3 fetched): "cassava mosaic virus"[Title/Abstract] OR "maize streak virus"[Title/Abstract] O...
  Query (0 found, 0 fetched): "cotton leaf curl virus"[Title/Abstract] OR "chilli leaf curl virus"[Title/Abstr...
  New PMIDs: 11
    Fetched 11 details

==================================================
Category: Potyviridae (4 queries)
  Query (13 found, 13 fetched): "Potyviridae"[Title/Abstract] OR "potyvirus"[Title/Abstract] OR "ipomovirus"[Tit...
  Query (11 found, 11 fetched): "potato virus Y"[Title/Abstract] OR "Potyvirus yituberosi"[Title/Abstract] OR "p...
  Query (2 found, 2 fetched): "turnip mosaic virus"[Title/Abstract] OR "Potyvirus rapae"[Title/Abstract] OR "l...
  Query (2 found, 2 fetched): "papaya ringspot virus"[Title/Abstract] OR "Potyvirus papayanuli"[Title/Abstract...
  New PMIDs: 24
    Fetched 24 details

==================================================
Category: Tobamo_Virga (3 queries)
  Query (4 found, 4 fetched): "Virgaviridae"[Title/Abstract] OR "tobamovirus"[Title/Abstract] OR "furovirus"[T...
  Query (10 found, 10 fetched): "tobacco mosaic virus"[Title/Abstract] OR "Tobamovirus tabaci"[Title/Abstract] O...
  Query (1 found, 1 fetched): "pepino mosaic virus"[Title/Abstract] OR "Potexvirus pepini"[Title/Abstract]...
  New PMIDs: 13
    Fetched 13 details

==================================================
Category: Tospo_Bunya (3 queries)
  Query (5 found, 5 fetched): "Tospoviridae"[Title/Abstract] OR "tospovirus"[Title/Abstract] OR "Orthotospovir...
  Query (4 found, 4 fetched): "tomato spotted wilt virus"[Title/Abstract] OR "Orthotospovirus tomatomaculae"[T...
  Query (0 found, 0 fetched): "groundnut bud necrosis virus"[Title/Abstract]...
  New PMIDs: 7
    Fetched 7 details

==================================================
Category: Luteo_Solemo (2 queries)
  Query (5 found, 5 fetched): "Luteoviridae"[Title/Abstract] OR "Solemoviridae"[Title/Abstract] OR "luteovirus...
  Query (1 found, 1 fetched): "barley yellow dwarf virus"[Title/Abstract] OR "Luteovirus hordei"[Title/Abstrac...
  New PMIDs: 6
    Fetched 6 details

==================================================
Category: Clostero_Beta (2 queries)
  Query (4 found, 4 fetched): "Closteroviridae"[Title/Abstract] OR "Betaflexiviridae"[Title/Abstract] OR "clos...
  Query (1 found, 1 fetched): "citrus tristeza virus"[Title/Abstract] OR "Closterovirus tristezae"[Title/Abstr...
  New PMIDs: 5
    Fetched 5 details

==================================================
Category: Seco_Bromo_Tombus (4 queries)
  Query (0 found, 0 fetched): "Secoviridae"[Title/Abstract] OR "Bromoviridae"[Title/Abstract] OR "Tombusvirida...
  Query (0 found, 0 fetched): "nepovirus"[Title/Abstract] OR "comovirus"[Title/Abstract] OR "fabavirus"[Title/...
  Query (2 found, 2 fetched): "grapevine fanleaf virus"[Title/Abstract] OR "Nepovirus vitis"[Title/Abstract] O...
  Query (2 found, 2 fetched): "cowpea mosaic virus"[Title/Abstract] OR "Comovirus vignae"[Title/Abstract]...
  New PMIDs: 4
    Fetched 4 details

==================================================
Category: Rhabdo_Reo_Fiji_Tenu (3 queries)
  Query (3 found, 3 fetched): "Rhabdoviridae"[Title/Abstract] OR "Reoviridae"[Title/Abstract]...
  Query (0 found, 0 fetched): "cytorhabdovirus"[Title/Abstract] OR "nucleorhabdovirus"[Title/Abstract] OR "fij...
  Query (3 found, 3 fetched): "rice stripe virus"[Title/Abstract] OR "Tenuivirus oryzae"[Title/Abstract] OR "r...
  New PMIDs: 6
    Fetched 6 details

==================================================
Category: Nanoviridae (2 queries)
  Query (0 found, 0 fetched): "Nanoviridae"[Title/Abstract] OR "babuvirus"[Title/Abstract]...
  Query (0 found, 0 fetched): "banana bunchy top virus"[Title/Abstract] OR "Babuvirus musae"[Title/Abstract]...
  New PMIDs: 0

==================================================
Category: Caulimo_Badna_Tungro (2 queries)
  Query (3 found, 3 fetched): "Caulimoviridae"[Title/Abstract] OR "caulimovirus"[Title/Abstract] OR "badnaviru...
  Query (0 found, 0 fetched): "rice tungro bacilliform virus"[Title/Abstract] OR "rice tungro spherical virus"...
  New PMIDs: 3
    Fetched 3 details

==================================================
Category: Endorna_Parti_Amalga (1 queries)
  Query (2 found, 2 fetched): "Endornaviridae"[Title/Abstract] OR "Partitiviridae"[Title/Abstract] OR "Amalgav...
  New PMIDs: 2
    Fetched 2 details

==================================================
Category: Viroid (4 queries)
  Query (0 found, 0 fetched): "Pospiviroidae"[Title/Abstract] OR "Avsunviroidae"[Title/Abstract]...
  Query (0 found, 0 fetched): "potato spindle tuber viroid"[Title/Abstract] OR "Pospiviroid fusituberis"[Title...
  Query (0 found, 0 fetched): "citrus exocortis viroid"[Title/Abstract] OR "chrysanthemum stunt viroid"[Title/...
  Query (1 found, 1 fetched): "hop stunt viroid"[Title/Abstract] OR "Hostuviroid impedihumuli"[Title/Abstract]...
  New PMIDs: 1
    Fetched 1 details

==================================================
Category: Methods_Resistance (2 queries)
  Query (2 found, 2 fetched): "plant virus resistance"[Title/Abstract] OR "plant virus detection"[Title/Abstra...
  Query (0 found, 0 fetched): "plant virus CRISPR"[Title/Abstract] OR "plant virus RNAi"[Title/Abstract] OR "p...
  New PMIDs: 2
    Fetched 2 details

==================================================
Category: Methods_Omics (2 queries)
  Query (0 found, 0 fetched): "plant virus genome"[Title/Abstract] OR "plant virus evolution"[Title/Abstract] ...
  Query (0 found, 0 fetched): "plant virus metagenomics"[Title/Abstract] OR "plant virus proteomics"[Title/Abs...
  New PMIDs: 0

==================================================
Category: Transmission_Epi (1 queries)
  Query (2 found, 2 fetched): "plant virus transmission"[Title/Abstract] OR "plant virus vector"[Title/Abstrac...
  New PMIDs: 2
    Fetched 2 details

==================================================
Category: New_Virus (6 queries)
  Query (0 found, 0 fetched): ("novel virus"[Title/Abstract] OR "new virus"[Title/Abstract] OR "virus discover...
  Query (0 found, 0 fetched): ("first report"[Title] OR "recently identified"[Title/Abstract] OR "newly identi...
  Query (36 found, 36 fetched): ("uncharacterized virus"[Title/Abstract] OR "unclassified virus"[Title/Abstract]...
  Query (4 found, 4 fetched): ("viral metagenomics"[Title/Abstract] OR "virome"[Title/Abstract] OR "high-throu...
  Query (0 found, 0 fetched): ("novel Geminiviridae"[Title/Abstract] OR "new begomovirus"[Title/Abstract] OR "...
  Query (0 found, 0 fetched): ("complete genome"[Title] AND "novel"[Title]) AND (plant virus[Title/Abstract] O...
  New PMIDs: 40
    Fetched 40 details

==================================================
Saved: 124 papers total (124 new)
Categories: General, Gemini_Begomo, Potyviridae, Tobamo_Virga, Tospo_Bunya, Luteo_Solemo, Clostero_Beta, Seco_Bromo_Tombus, Rhabdo_Reo_Fiji_Tenu, Nanoviridae, Caulimo_Badna_Tungro, Endorna_Parti_Amalga, Viroid, Methods_Resistance, Methods_Omics, Transmission_Epi, New_Virus
Updated: 2026-07-09 15:24:43
Existing: 0 papers

==================================================
Category: General (3 queries)
  Query (26 found, 26 fetched): "plant virus"[Title/Abstract] OR "plant viroid"[Title/Abstract] OR "phytovirus"[...
  Query (0 found, 0 fetched): "plant RNA virus"[Title/Abstract] OR "plant DNA virus"[Title/Abstract]...
  Query (10 found, 10 fetched): "viroid"[Title/Abstract]...
  New PMIDs: 36
    Fetched 36 details

==================================================
Category: Gemini_Begomo (4 queries)
  Query (13 found, 13 fetched): "Geminiviridae"[Title/Abstract] OR "begomovirus"[Title/Abstract] OR "mastrevirus...
  Query (3 found, 3 fetched): "tomato yellow leaf curl virus"[Title/Abstract] OR "Begomovirus coheni"[Title/Ab...
  Query (4 found, 4 fetched): "cassava mosaic virus"[Title/Abstract] OR "maize streak virus"[Title/Abstract] O...
  Query (3 found, 3 fetched): "cotton leaf curl virus"[Title/Abstract] OR "chilli leaf curl virus"[Title/Abstr...
  New PMIDs: 18
    Fetched 18 details

==================================================
Category: Potyviridae (4 queries)
  Query (9 found, 9 fetched): "Potyviridae"[Title/Abstract] OR "potyvirus"[Title/Abstract] OR "ipomovirus"[Tit...
  Query (7 found, 7 fetched): "potato virus Y"[Title/Abstract] OR "Potyvirus yituberosi"[Title/Abstract] OR "p...
  Query (2 found, 2 fetched): "turnip mosaic virus"[Title/Abstract] OR "Potyvirus rapae"[Title/Abstract] OR "l...
  Query (3 found, 3 fetched): "papaya ringspot virus"[Title/Abstract] OR "Potyvirus papayanuli"[Title/Abstract...
  New PMIDs: 18
    Fetched 18 details

==================================================
Category: Tobamo_Virga (3 queries)
  Query (5 found, 5 fetched): "Virgaviridae"[Title/Abstract] OR "tobamovirus"[Title/Abstract] OR "furovirus"[T...
  Query (15 found, 15 fetched): "tobacco mosaic virus"[Title/Abstract] OR "Tobamovirus tabaci"[Title/Abstract] O...
  Query (0 found, 0 fetched): "pepino mosaic virus"[Title/Abstract] OR "Potexvirus pepini"[Title/Abstract]...
  New PMIDs: 19
    Fetched 19 details

==================================================
Category: Tospo_Bunya (3 queries)
  Query (7 found, 7 fetched): "Tospoviridae"[Title/Abstract] OR "tospovirus"[Title/Abstract] OR "Orthotospovir...
  Query (3 found, 3 fetched): "tomato spotted wilt virus"[Title/Abstract] OR "Orthotospovirus tomatomaculae"[T...
  Query (1 found, 1 fetched): "groundnut bud necrosis virus"[Title/Abstract]...
  New PMIDs: 8
    Fetched 8 details

==================================================
Category: Luteo_Solemo (2 queries)
  Query (3 found, 3 fetched): "Luteoviridae"[Title/Abstract] OR "Solemoviridae"[Title/Abstract] OR "luteovirus...
  Query (1 found, 1 fetched): "barley yellow dwarf virus"[Title/Abstract] OR "Luteovirus hordei"[Title/Abstrac...
  New PMIDs: 4
    Fetched 4 details

==================================================
Category: Clostero_Beta (2 queries)
  Query (2 found, 2 fetched): "Closteroviridae"[Title/Abstract] OR "Betaflexiviridae"[Title/Abstract] OR "clos...
  Query (2 found, 2 fetched): "citrus tristeza virus"[Title/Abstract] OR "Closterovirus tristezae"[Title/Abstr...
  New PMIDs: 4
    Fetched 4 details

==================================================
Category: Seco_Bromo_Tombus (4 queries)
  Query (3 found, 3 fetched): "Secoviridae"[Title/Abstract] OR "Bromoviridae"[Title/Abstract] OR "Tombusvirida...
  Query (2 found, 2 fetched): "nepovirus"[Title/Abstract] OR "comovirus"[Title/Abstract] OR "fabavirus"[Title/...
  Query (5 found, 5 fetched): "grapevine fanleaf virus"[Title/Abstract] OR "Nepovirus vitis"[Title/Abstract] O...
  Query (2 found, 2 fetched): "cowpea mosaic virus"[Title/Abstract] OR "Comovirus vignae"[Title/Abstract]...
  New PMIDs: 11
    Fetched 11 details

==================================================
Category: Rhabdo_Reo_Fiji_Tenu (3 queries)
  Query (6 found, 6 fetched): "Rhabdoviridae"[Title/Abstract] OR "Reoviridae"[Title/Abstract]...
  Query (1 found, 1 fetched): "cytorhabdovirus"[Title/Abstract] OR "nucleorhabdovirus"[Title/Abstract] OR "fij...
  Query (5 found, 5 fetched): "rice stripe virus"[Title/Abstract] OR "Tenuivirus oryzae"[Title/Abstract] OR "r...
  New PMIDs: 11
    Fetched 11 details

==================================================
Category: Nanoviridae (2 queries)
  Query (0 found, 0 fetched): "Nanoviridae"[Title/Abstract] OR "babuvirus"[Title/Abstract]...
  Query (0 found, 0 fetched): "banana bunchy top virus"[Title/Abstract] OR "Babuvirus musae"[Title/Abstract]...
  New PMIDs: 0

==================================================
Category: Caulimo_Badna_Tungro (2 queries)
  Query (1 found, 1 fetched): "Caulimoviridae"[Title/Abstract] OR "caulimovirus"[Title/Abstract] OR "badnaviru...
  Query (0 found, 0 fetched): "rice tungro bacilliform virus"[Title/Abstract] OR "rice tungro spherical virus"...
  New PMIDs: 1
    Fetched 1 details

==================================================
Category: Endorna_Parti_Amalga (1 queries)
  Query (2 found, 2 fetched): "Endornaviridae"[Title/Abstract] OR "Partitiviridae"[Title/Abstract] OR "Amalgav...
  New PMIDs: 2
    Fetched 2 details

==================================================
Category: Viroid (4 queries)
  Query (0 found, 0 fetched): "Pospiviroidae"[Title/Abstract] OR "Avsunviroidae"[Title/Abstract]...
  Query (2 found, 2 fetched): "potato spindle tuber viroid"[Title/Abstract] OR "Pospiviroid fusituberis"[Title...
  Query (0 found, 0 fetched): "citrus exocortis viroid"[Title/Abstract] OR "chrysanthemum stunt viroid"[Title/...
  Query (0 found, 0 fetched): "hop stunt viroid"[Title/Abstract] OR "Hostuviroid impedihumuli"[Title/Abstract]...
  New PMIDs: 2
    Fetched 2 details

==================================================
Category: Methods_Resistance (2 queries)
  Query (2 found, 2 fetched): "plant virus resistance"[Title/Abstract] OR "plant virus detection"[Title/Abstra...
  Query (0 found, 0 fetched): "plant virus CRISPR"[Title/Abstract] OR "plant virus RNAi"[Title/Abstract] OR "p...
  New PMIDs: 2
    Fetched 2 details

==================================================
Category: Methods_Omics (2 queries)
  Query (1 found, 1 fetched): "plant virus genome"[Title/Abstract] OR "plant virus evolution"[Title/Abstract] ...
  Query (0 found, 0 fetched): "plant virus metagenomics"[Title/Abstract] OR "plant virus proteomics"[Title/Abs...
  New PMIDs: 1
    Fetched 1 details

==================================================
Category: Transmission_Epi (1 queries)
  Query (5 found, 5 fetched): "plant virus transmission"[Title/Abstract] OR "plant virus vector"[Title/Abstrac...
  New PMIDs: 5
    Fetched 5 details

==================================================
Category: New_Virus (6 queries)
  Query (1 found, 1 fetched): ("novel virus"[Title/Abstract] OR "new virus"[Title/Abstract] OR "virus discover...
  Query (0 found, 0 fetched): ("first report"[Title] OR "recently identified"[Title/Abstract] OR "newly identi...
  Query (36 found, 36 fetched): ("uncharacterized virus"[Title/Abstract] OR "unclassified virus"[Title/Abstract]...
  Query (4 found, 4 fetched): ("viral metagenomics"[Title/Abstract] OR "virome"[Title/Abstract] OR "high-throu...
  Query (0 found, 0 fetched): ("novel Geminiviridae"[Title/Abstract] OR "new begomovirus"[Title/Abstract] OR "...
  Query (0 found, 0 fetched): ("complete genome"[Title] AND "novel"[Title]) AND (plant virus[Title/Abstract] O...
  New PMIDs: 40
    Fetched 40 details

==================================================
Saved: 147 papers total (147 new)
Categories: General, Gemini_Begomo, Potyviridae, Tobamo_Virga, Tospo_Bunya, Luteo_Solemo, Clostero_Beta, Seco_Bromo_Tombus, Rhabdo_Reo_Fiji_Tenu, Nanoviridae, Caulimo_Badna_Tungro, Endorna_Parti_Amalga, Viroid, Methods_Resistance, Methods_Omics, Transmission_Epi, New_Virus
Updated: 2026-07-09 15:26:07
Existing: 0 papers

==================================================
Category: General (3 queries)
  Query (18 found, 18 fetched): "plant virus"[Title/Abstract] OR "plant viroid"[Title/Abstract] OR "phytovirus"[...
  Query (0 found, 0 fetched): "plant RNA virus"[Title/Abstract] OR "plant DNA virus"[Title/Abstract]...
  Query (10 found, 10 fetched): "viroid"[Title/Abstract]...
  New PMIDs: 27
    Fetched 27 details

==================================================
Category: Gemini_Begomo (4 queries)
  Query (5 found, 5 fetched): "Geminiviridae"[Title/Abstract] OR "begomovirus"[Title/Abstract] OR "mastrevirus...
  Query (2 found, 2 fetched): "tomato yellow leaf curl virus"[Title/Abstract] OR "Begomovirus coheni"[Title/Ab...
  Query (2 found, 2 fetched): "cassava mosaic virus"[Title/Abstract] OR "maize streak virus"[Title/Abstract] O...
  Query (0 found, 0 fetched): "cotton leaf curl virus"[Title/Abstract] OR "chilli leaf curl virus"[Title/Abstr...
  New PMIDs: 8
    Fetched 8 details

==================================================
Category: Potyviridae (4 queries)
  Query (9 found, 9 fetched): "Potyviridae"[Title/Abstract] OR "potyvirus"[Title/Abstract] OR "ipomovirus"[Tit...
  Query (0 found, 0 fetched): "potato virus Y"[Title/Abstract] OR "Potyvirus yituberosi"[Title/Abstract] OR "p...
  Query (4 found, 4 fetched): "turnip mosaic virus"[Title/Abstract] OR "Potyvirus rapae"[Title/Abstract] OR "l...
  Query (0 found, 0 fetched): "papaya ringspot virus"[Title/Abstract] OR "Potyvirus papayanuli"[Title/Abstract...
  New PMIDs: 10
    Fetched 10 details

==================================================
Category: Tobamo_Virga (3 queries)
  Query (1 found, 1 fetched): "Virgaviridae"[Title/Abstract] OR "tobamovirus"[Title/Abstract] OR "furovirus"[T...
  Query (8 found, 8 fetched): "tobacco mosaic virus"[Title/Abstract] OR "Tobamovirus tabaci"[Title/Abstract] O...
  Query (0 found, 0 fetched): "pepino mosaic virus"[Title/Abstract] OR "Potexvirus pepini"[Title/Abstract]...
  New PMIDs: 9
    Fetched 9 details

==================================================
Category: Tospo_Bunya (3 queries)
  Query (2 found, 2 fetched): "Tospoviridae"[Title/Abstract] OR "tospovirus"[Title/Abstract] OR "Orthotospovir...
  Query (2 found, 2 fetched): "tomato spotted wilt virus"[Title/Abstract] OR "Orthotospovirus tomatomaculae"[T...
  Query (0 found, 0 fetched): "groundnut bud necrosis virus"[Title/Abstract]...
  New PMIDs: 4
    Fetched 4 details

==================================================
Category: Luteo_Solemo (2 queries)
  Query (4 found, 4 fetched): "Luteoviridae"[Title/Abstract] OR "Solemoviridae"[Title/Abstract] OR "luteovirus...
  Query (1 found, 1 fetched): "barley yellow dwarf virus"[Title/Abstract] OR "Luteovirus hordei"[Title/Abstrac...
  New PMIDs: 5
    Fetched 5 details

==================================================
Category: Clostero_Beta (2 queries)
  Query (3 found, 3 fetched): "Closteroviridae"[Title/Abstract] OR "Betaflexiviridae"[Title/Abstract] OR "clos...
  Query (1 found, 1 fetched): "citrus tristeza virus"[Title/Abstract] OR "Closterovirus tristezae"[Title/Abstr...
  New PMIDs: 4
    Fetched 4 details

==================================================
Category: Seco_Bromo_Tombus (4 queries)
  Query (2 found, 2 fetched): "Secoviridae"[Title/Abstract] OR "Bromoviridae"[Title/Abstract] OR "Tombusvirida...
  Query (1 found, 1 fetched): "nepovirus"[Title/Abstract] OR "comovirus"[Title/Abstract] OR "fabavirus"[Title/...
  Query (3 found, 3 fetched): "grapevine fanleaf virus"[Title/Abstract] OR "Nepovirus vitis"[Title/Abstract] O...
  Query (1 found, 1 fetched): "cowpea mosaic virus"[Title/Abstract] OR "Comovirus vignae"[Title/Abstract]...
  New PMIDs: 7
    Fetched 7 details

==================================================
Category: Rhabdo_Reo_Fiji_Tenu (3 queries)
  Query (4 found, 4 fetched): "Rhabdoviridae"[Title/Abstract] OR "Reoviridae"[Title/Abstract]...
  Query (0 found, 0 fetched): "cytorhabdovirus"[Title/Abstract] OR "nucleorhabdovirus"[Title/Abstract] OR "fij...
  Query (2 found, 2 fetched): "rice stripe virus"[Title/Abstract] OR "Tenuivirus oryzae"[Title/Abstract] OR "r...
  New PMIDs: 6
    Fetched 6 details

==================================================
Category: Nanoviridae (2 queries)
  Query (0 found, 0 fetched): "Nanoviridae"[Title/Abstract] OR "babuvirus"[Title/Abstract]...
  Query (0 found, 0 fetched): "banana bunchy top virus"[Title/Abstract] OR "Babuvirus musae"[Title/Abstract]...
  New PMIDs: 0

==================================================
Category: Caulimo_Badna_Tungro (2 queries)
  Query (1 found, 1 fetched): "Caulimoviridae"[Title/Abstract] OR "caulimovirus"[Title/Abstract] OR "badnaviru...
  Query (0 found, 0 fetched): "rice tungro bacilliform virus"[Title/Abstract] OR "rice tungro spherical virus"...
  New PMIDs: 1
    Fetched 1 details

==================================================
Category: Endorna_Parti_Amalga (1 queries)
  Query (5 found, 5 fetched): "Endornaviridae"[Title/Abstract] OR "Partitiviridae"[Title/Abstract] OR "Amalgav...
  New PMIDs: 5
    Fetched 5 details

==================================================
Category: Viroid (4 queries)
  Query (1 found, 1 fetched): "Pospiviroidae"[Title/Abstract] OR "Avsunviroidae"[Title/Abstract]...
  Query (2 found, 2 fetched): "potato spindle tuber viroid"[Title/Abstract] OR "Pospiviroid fusituberis"[Title...
  Query (1 found, 1 fetched): "citrus exocortis viroid"[Title/Abstract] OR "chrysanthemum stunt viroid"[Title/...
  Query (1 found, 1 fetched): "hop stunt viroid"[Title/Abstract] OR "Hostuviroid impedihumuli"[Title/Abstract]...
  New PMIDs: 5
    Fetched 5 details

==================================================
Category: Methods_Resistance (2 queries)
  Query (2 found, 2 fetched): "plant virus resistance"[Title/Abstract] OR "plant virus detection"[Title/Abstra...
  Query (0 found, 0 fetched): "plant virus CRISPR"[Title/Abstract] OR "plant virus RNAi"[Title/Abstract] OR "p...
  New PMIDs: 2
    Fetched 2 details

==================================================
Category: Methods_Omics (2 queries)
  Query (0 found, 0 fetched): "plant virus genome"[Title/Abstract] OR "plant virus evolution"[Title/Abstract] ...
  Query (0 found, 0 fetched): "plant virus metagenomics"[Title/Abstract] OR "plant virus proteomics"[Title/Abs...
  New PMIDs: 0

==================================================
Category: Transmission_Epi (1 queries)
  Query (3 found, 3 fetched): "plant virus transmission"[Title/Abstract] OR "plant virus vector"[Title/Abstrac...
  New PMIDs: 3
    Fetched 3 details

==================================================
Category: New_Virus (6 queries)
  Query (1 found, 1 fetched): ("novel virus"[Title/Abstract] OR "new virus"[Title/Abstract] OR "virus discover...
  Query (0 found, 0 fetched): ("first report"[Title] OR "recently identified"[Title/Abstract] OR "newly identi...
  Query (39 found, 39 fetched): ("uncharacterized virus"[Title/Abstract] OR "unclassified virus"[Title/Abstract]...
  Query (8 found, 8 fetched): ("viral metagenomics"[Title/Abstract] OR "virome"[Title/Abstract] OR "high-throu...
  Query (0 found, 0 fetched): ("novel Geminiviridae"[Title/Abstract] OR "new begomovirus"[Title/Abstract] OR "...
  Query (1 found, 1 fetched): ("complete genome"[Title] AND "novel"[Title]) AND (plant virus[Title/Abstract] O...
  New PMIDs: 47
    Fetched 47 details

==================================================
Saved: 115 papers total (115 new)
Categories: General, Gemini_Begomo, Potyviridae, Tobamo_Virga, Tospo_Bunya, Luteo_Solemo, Clostero_Beta, Seco_Bromo_Tombus, Rhabdo_Reo_Fiji_Tenu, Nanoviridae, Caulimo_Badna_Tungro, Endorna_Parti_Amalga, Viroid, Methods_Resistance, Methods_Omics, Transmission_Epi, New_Virus
Updated: 2026-07-09 15:27:33
